  [1m[35m (208.3ms)[0m  [1m[35mCREATE DATABASE "test_app_development" ENCODING = 'unicode'[0m
  [1m[35m (60.9ms)[0m  [1m[35mCREATE DATABASE "test_app_test" ENCODING = 'unicode'[0m
  [1m[35m (11.0ms)[0m  [1m[35mCREATE TABLE "schema_migrations" ("version" character varying NOT NULL PRIMARY KEY)[0m
  [1m[35m (5.2ms)[0m  [1m[35mCREATE TABLE "ar_internal_metadata" ("key" character varying NOT NULL PRIMARY KEY, "value" character varying, "created_at" timestamp(6) NOT NULL, "updated_at" timestamp(6) NOT NULL)[0m
  [1m[35m (0.1ms)[0m  [1m[34mSELECT pg_try_advisory_lock(7992348028875656775)[0m
  [1m[35m (0.5ms)[0m  [1m[34mSELECT "schema_migrations"."version" FROM "schema_migrations" ORDER BY "schema_migrations"."version" ASC[0m
Migrating to CreateArticles (20210812030123)
  [1m[36mTRANSACTION (0.1ms)[0m  [1m[35mBEGIN[0m
  [1m[35m (8.4ms)[0m  [1m[35mCREATE TABLE "articles" ("id" bigserial primary key, "title" character varying, "body" text, "created_at" timestamp(6) NOT NULL, "updated_at" timestamp(6) NOT NULL)[0m
  [1m[36mActiveRecord::SchemaMigration Create (1.4ms)[0m  [1m[32mINSERT INTO "schema_migrations" ("version") VALUES ($1) RETURNING "version"[0m  [["version", "20210812030123"]]
  [1m[36mTRANSACTION (0.4ms)[0m  [1m[35mCOMMIT[0m
  [1m[36mActiveRecord::InternalMetadata Load (0.4ms)[0m  [1m[34mSELECT "ar_internal_metadata".* FROM "ar_internal_metadata" WHERE "ar_internal_metadata"."key" = $1 LIMIT $2[0m  [["key", "environment"], ["LIMIT", 1]]
  [1m[36mTRANSACTION (0.1ms)[0m  [1m[35mBEGIN[0m
  [1m[36mActiveRecord::InternalMetadata Create (2.2ms)[0m  [1m[32mINSERT INTO "ar_internal_metadata" ("key", "value", "created_at", "updated_at") VALUES ($1, $2, $3, $4) RETURNING "key"[0m  [["key", "environment"], ["value", "development"], ["created_at", "2023-10-11 04:12:55.465505"], ["updated_at", "2023-10-11 04:12:55.465505"]]
  [1m[36mTRANSACTION (0.1ms)[0m  [1m[35mCOMMIT[0m
  [1m[35m (0.2ms)[0m  [1m[34mSELECT pg_advisory_unlock(7992348028875656775)[0m
  [1m[35m (0.6ms)[0m  [1m[34mSELECT "schema_migrations"."version" FROM "schema_migrations" ORDER BY "schema_migrations"."version" ASC[0m
Started GET "/" for 127.0.0.1 at 2023-10-10 22:14:00 -0600
  [1m[35m (0.5ms)[0m  [1m[34mSELECT "schema_migrations"."version" FROM "schema_migrations" ORDER BY "schema_migrations"."version" ASC[0m
Processing by HomepageController#index as HTML
  Rendering layout layouts/application.html.erb
  Rendering homepage/index.html.erb within layouts/application
  Rendered homepage/index.html.erb within layouts/application (Duration: 0.4ms | Allocations: 287)
  Rendered layout layouts/application.html.erb (Duration: 28.4ms | Allocations: 14766)
Completed 200 OK in 31ms (Views: 30.1ms | ActiveRecord: 0.0ms | Allocations: 16783)


Started GET "/api/v1/articles" for 127.0.0.1 at 2023-10-10 22:14:00 -0600
Processing by Api::V1::ArticlesController#index as */*
  [1m[36mArticle Load (15.2ms)[0m  [1m[34mSELECT "articles".* FROM "articles"[0m
  ↳ app/controllers/api/v1/articles_controller.rb:4:in `index'
Completed 200 OK in 17ms (Views: 1.1ms | ActiveRecord: 15.2ms | Allocations: 1298)


Started GET "/" for 127.0.0.1 at 2023-10-10 22:14:04 -0600
Processing by HomepageController#index as HTML
  Rendering layout layouts/application.html.erb
  Rendering homepage/index.html.erb within layouts/application
  Rendered homepage/index.html.erb within layouts/application (Duration: 1.1ms | Allocations: 4)
  Rendered layout layouts/application.html.erb (Duration: 8.5ms | Allocations: 2096)
Completed 200 OK in 11ms (Views: 10.8ms | ActiveRecord: 0.0ms | Allocations: 2331)


Started GET "/api/v1/articles" for 127.0.0.1 at 2023-10-10 22:14:04 -0600
Processing by Api::V1::ArticlesController#index as */*
  [1m[36mArticle Load (0.4ms)[0m  [1m[34mSELECT "articles".* FROM "articles"[0m
  ↳ app/controllers/api/v1/articles_controller.rb:4:in `index'
Completed 200 OK in 4ms (Views: 2.4ms | ActiveRecord: 0.4ms | Allocations: 639)


Started GET "/" for 127.0.0.1 at 2023-10-10 23:16:54 -0600
Processing by HomepageController#index as HTML
  Rendering layout layouts/application.html.erb
  Rendering homepage/index.html.erb within layouts/application
  Rendered homepage/index.html.erb within layouts/application (Duration: 0.2ms | Allocations: 4)
  Rendered layout layouts/application.html.erb (Duration: 12.4ms | Allocations: 2080)
Completed 200 OK in 16ms (Views: 14.4ms | Allocations: 2310)


Started GET "/api/v1/articles" for 127.0.0.1 at 2023-10-10 23:16:54 -0600
Processing by Api::V1::ArticlesController#index as */*
  [1m[36mArticle Load (6.2ms)[0m  [1m[34mSELECT "articles".* FROM "articles"[0m
  ↳ app/controllers/api/v1/articles_controller.rb:4:in `index'
Completed 200 OK in 41ms (Views: 40.7ms | ActiveRecord: 19.4ms | Allocations: 3790)


Started GET "/" for 127.0.0.1 at 2023-10-10 23:17:11 -0600
Processing by HomepageController#index as HTML
  Rendering layout layouts/application.html.erb
  Rendering homepage/index.html.erb within layouts/application
  Rendered homepage/index.html.erb within layouts/application (Duration: 0.1ms | Allocations: 4)
  Rendered layout layouts/application.html.erb (Duration: 10.6ms | Allocations: 2211)
Completed 200 OK in 12ms (Views: 11.7ms | ActiveRecord: 0.0ms | Allocations: 2445)


Started GET "/api/v1/articles" for 127.0.0.1 at 2023-10-10 23:17:11 -0600
Processing by Api::V1::ArticlesController#index as */*
  [1m[36mArticle Load (0.3ms)[0m  [1m[34mSELECT "articles".* FROM "articles"[0m
  ↳ app/controllers/api/v1/articles_controller.rb:4:in `index'
Completed 200 OK in 11ms (Views: 1.4ms | ActiveRecord: 0.3ms | Allocations: 628)


Started GET "/" for 127.0.0.1 at 2023-10-10 23:18:13 -0600
Processing by HomepageController#index as HTML
  Rendering layout layouts/application.html.erb
  Rendering homepage/index.html.erb within layouts/application
  Rendered homepage/index.html.erb within layouts/application (Duration: 0.1ms | Allocations: 4)
  Rendered layout layouts/application.html.erb (Duration: 17.9ms | Allocations: 2080)
Completed 200 OK in 20ms (Views: 18.9ms | ActiveRecord: 0.0ms | Allocations: 2310)


Started GET "/api/v1/articles" for 127.0.0.1 at 2023-10-10 23:18:13 -0600
Processing by Api::V1::ArticlesController#index as */*
  [1m[36mArticle Load (0.3ms)[0m  [1m[34mSELECT "articles".* FROM "articles"[0m
  ↳ app/controllers/api/v1/articles_controller.rb:4:in `index'
Completed 200 OK in 3ms (Views: 2.2ms | ActiveRecord: 0.3ms | Allocations: 642)


Started GET "/" for 127.0.0.1 at 2023-10-10 23:24:15 -0600
Started GET "/" for 127.0.0.1 at 2023-10-10 23:24:15 -0600
  [1m[35m (2.1ms)[0m  [1m[34mSELECT "schema_migrations"."version" FROM "schema_migrations" ORDER BY "schema_migrations"."version" ASC[0m
Processing by HomepageController#index as HTML
Processing by HomepageController#index as HTML
  Rendering layout layouts/application.html.erb
  Rendering layout layouts/application.html.erb
  Rendering homepage/index.html.erb within layouts/application
  Rendering homepage/index.html.erb within layouts/application
  Rendered homepage/index.html.erb within layouts/application (Duration: 0.4ms | Allocations: 294)
  Rendered homepage/index.html.erb within layouts/application (Duration: 0.4ms | Allocations: 302)
  Rendered layout layouts/application.html.erb (Duration: 8.4ms | Allocations: 8731)
  Rendered layout layouts/application.html.erb (Duration: 8.5ms | Allocations: 9285)
Completed 200 OK in 11ms (Views: 10.4ms | ActiveRecord: 0.0ms | Allocations: 11731)


Completed 200 OK in 11ms (Views: 10.2ms | ActiveRecord: 0.0ms | Allocations: 11614)


Started GET "/api/v1/articles" for 127.0.0.1 at 2023-10-10 23:24:15 -0600
Processing by Api::V1::ArticlesController#index as */*
  [1m[36mArticle Load (0.5ms)[0m  [1m[34mSELECT "articles".* FROM "articles"[0m
  ↳ app/controllers/api/v1/articles_controller.rb:4:in `index'
Completed 200 OK in 3ms (Views: 1.2ms | ActiveRecord: 0.5ms | Allocations: 1293)


Started GET "/" for 127.0.0.1 at 2023-10-10 23:24:16 -0600
Processing by HomepageController#index as HTML
  Rendering layout layouts/application.html.erb
  Rendering homepage/index.html.erb within layouts/application
  Rendered homepage/index.html.erb within layouts/application (Duration: 0.0ms | Allocations: 4)
  Rendered layout layouts/application.html.erb (Duration: 6.7ms | Allocations: 2100)
Completed 200 OK in 9ms (Views: 8.3ms | ActiveRecord: 0.0ms | Allocations: 2335)


Started GET "/api/v1/articles" for 127.0.0.1 at 2023-10-10 23:24:16 -0600
Processing by Api::V1::ArticlesController#index as */*
  [1m[36mArticle Load (0.2ms)[0m  [1m[34mSELECT "articles".* FROM "articles"[0m
  ↳ app/controllers/api/v1/articles_controller.rb:4:in `index'
Completed 200 OK in 29ms (Views: 28.7ms | ActiveRecord: 0.2ms | Allocations: 646)


Started GET "/" for 127.0.0.1 at 2023-10-10 23:24:16 -0600
Processing by HomepageController#index as HTML
  Rendering layout layouts/application.html.erb
  Rendering homepage/index.html.erb within layouts/application
  Rendered homepage/index.html.erb within layouts/application (Duration: 0.0ms | Allocations: 4)
  Rendered layout layouts/application.html.erb (Duration: 3.6ms | Allocations: 2071)
Completed 200 OK in 4ms (Views: 4.1ms | ActiveRecord: 0.0ms | Allocations: 2305)


Started GET "/api/v1/articles" for 127.0.0.1 at 2023-10-10 23:24:16 -0600
Processing by Api::V1::ArticlesController#index as */*
  [1m[36mArticle Load (0.2ms)[0m  [1m[34mSELECT "articles".* FROM "articles"[0m
  ↳ app/controllers/api/v1/articles_controller.rb:4:in `index'
Completed 200 OK in 2ms (Views: 1.2ms | ActiveRecord: 0.2ms | Allocations: 627)


Started GET "/" for 127.0.0.1 at 2023-10-10 23:24:16 -0600
Processing by HomepageController#index as HTML
  Rendering layout layouts/application.html.erb
  Rendering homepage/index.html.erb within layouts/application
  Rendered homepage/index.html.erb within layouts/application (Duration: 0.0ms | Allocations: 4)
  Rendered layout layouts/application.html.erb (Duration: 4.6ms | Allocations: 2073)
Completed 200 OK in 9ms (Views: 8.0ms | ActiveRecord: 0.0ms | Allocations: 2302)


Started GET "/api/v1/articles" for 127.0.0.1 at 2023-10-10 23:24:17 -0600
Processing by Api::V1::ArticlesController#index as */*
  [1m[36mArticle Load (0.2ms)[0m  [1m[34mSELECT "articles".* FROM "articles"[0m
  ↳ app/controllers/api/v1/articles_controller.rb:4:in `index'
Completed 200 OK in 2ms (Views: 1.2ms | ActiveRecord: 0.2ms | Allocations: 627)


Started GET "/" for 127.0.0.1 at 2023-10-10 23:24:17 -0600
Processing by HomepageController#index as HTML
  Rendering layout layouts/application.html.erb
  Rendering homepage/index.html.erb within layouts/application
  Rendered homepage/index.html.erb within layouts/application (Duration: 0.0ms | Allocations: 4)
  Rendered layout layouts/application.html.erb (Duration: 3.6ms | Allocations: 2068)
Completed 200 OK in 4ms (Views: 4.1ms | ActiveRecord: 0.0ms | Allocations: 2297)


Started GET "/api/v1/articles" for 127.0.0.1 at 2023-10-10 23:24:17 -0600
Processing by Api::V1::ArticlesController#index as */*
  [1m[36mArticle Load (0.2ms)[0m  [1m[34mSELECT "articles".* FROM "articles"[0m
  ↳ app/controllers/api/v1/articles_controller.rb:4:in `index'
Completed 200 OK in 2ms (Views: 1.5ms | ActiveRecord: 0.2ms | Allocations: 643)


Started GET "/" for 127.0.0.1 at 2023-10-10 23:24:17 -0600
Processing by HomepageController#index as HTML
  Rendering layout layouts/application.html.erb
  Rendering homepage/index.html.erb within layouts/application
  Rendered homepage/index.html.erb within layouts/application (Duration: 0.0ms | Allocations: 4)
  Rendered layout layouts/application.html.erb (Duration: 10.6ms | Allocations: 2099)
Completed 200 OK in 12ms (Views: 11.2ms | ActiveRecord: 0.0ms | Allocations: 2331)


Started GET "/api/v1/articles" for 127.0.0.1 at 2023-10-10 23:24:17 -0600
Processing by Api::V1::ArticlesController#index as */*
  [1m[36mArticle Load (0.2ms)[0m  [1m[34mSELECT "articles".* FROM "articles"[0m
  ↳ app/controllers/api/v1/articles_controller.rb:4:in `index'
Completed 200 OK in 2ms (Views: 1.3ms | ActiveRecord: 0.2ms | Allocations: 628)


Started GET "/" for 127.0.0.1 at 2023-10-10 23:24:17 -0600
Processing by HomepageController#index as HTML
  Rendering layout layouts/application.html.erb
  Rendering homepage/index.html.erb within layouts/application
  Rendered homepage/index.html.erb within layouts/application (Duration: 0.0ms | Allocations: 4)
  Rendered layout layouts/application.html.erb (Duration: 3.7ms | Allocations: 2087)
Completed 200 OK in 5ms (Views: 4.3ms | ActiveRecord: 0.0ms | Allocations: 2317)


Started GET "/api/v1/articles" for 127.0.0.1 at 2023-10-10 23:24:17 -0600
Processing by Api::V1::ArticlesController#index as */*
  [1m[36mArticle Load (0.2ms)[0m  [1m[34mSELECT "articles".* FROM "articles"[0m
  ↳ app/controllers/api/v1/articles_controller.rb:4:in `index'
Completed 200 OK in 2ms (Views: 1.3ms | ActiveRecord: 0.2ms | Allocations: 627)


  [1m[36mArticle Load (0.3ms)[0m  [1m[34mSELECT "articles".* FROM "articles" /* loading for inspect */ LIMIT $1[0m  [["LIMIT", 11]]
  [1m[36mTRANSACTION (0.2ms)[0m  [1m[35mBEGIN[0m
  [1m[36mArticle Create (7.7ms)[0m  [1m[32mINSERT INTO "articles" ("title", "body", "created_at", "updated_at") VALUES ($1, $2, $3, $4) RETURNING "id"[0m  [["title", "demo"], ["body", "demo"], ["created_at", "2023-10-11 05:24:51.272945"], ["updated_at", "2023-10-11 05:24:51.273003"]]
  [1m[36mTRANSACTION (0.3ms)[0m  [1m[35mCOMMIT[0m
Started GET "/" for 127.0.0.1 at 2023-10-10 23:24:57 -0600
Started GET "/" for 127.0.0.1 at 2023-10-10 23:24:57 -0600
  [1m[35m (0.4ms)[0m  [1m[34mSELECT "schema_migrations"."version" FROM "schema_migrations" ORDER BY "schema_migrations"."version" ASC[0m
Processing by HomepageController#index as HTML
Processing by HomepageController#index as HTML
  Rendering layout layouts/application.html.erb
  Rendering layout layouts/application.html.erb
  Rendering homepage/index.html.erb within layouts/application
  Rendering homepage/index.html.erb within layouts/application
  Rendered homepage/index.html.erb within layouts/application (Duration: 0.5ms | Allocations: 294)
  Rendered homepage/index.html.erb within layouts/application (Duration: 0.5ms | Allocations: 302)
  Rendered layout layouts/application.html.erb (Duration: 8.8ms | Allocations: 8891)
  Rendered layout layouts/application.html.erb (Duration: 9.0ms | Allocations: 9335)
Completed 200 OK in 12ms (Views: 10.6ms | ActiveRecord: 0.0ms | Allocations: 11564)


Completed 200 OK in 12ms (Views: 11.0ms | ActiveRecord: 0.0ms | Allocations: 11846)


Started GET "/api/v1/articles" for 127.0.0.1 at 2023-10-10 23:24:57 -0600
Processing by Api::V1::ArticlesController#index as */*
  [1m[36mArticle Load (0.5ms)[0m  [1m[34mSELECT "articles".* FROM "articles"[0m
  ↳ app/controllers/api/v1/articles_controller.rb:4:in `index'
Completed 200 OK in 9ms (Views: 4.0ms | ActiveRecord: 3.7ms | Allocations: 4469)


Started GET "/" for 127.0.0.1 at 2023-10-10 23:24:58 -0600
Processing by HomepageController#index as HTML
  Rendering layout layouts/application.html.erb
  Rendering homepage/index.html.erb within layouts/application
  Rendered homepage/index.html.erb within layouts/application (Duration: 0.0ms | Allocations: 4)
  Rendered layout layouts/application.html.erb (Duration: 5.0ms | Allocations: 2081)
Completed 200 OK in 6ms (Views: 5.7ms | ActiveRecord: 0.0ms | Allocations: 2316)


Started GET "/api/v1/articles" for 127.0.0.1 at 2023-10-10 23:24:58 -0600
Processing by Api::V1::ArticlesController#index as */*
  [1m[36mArticle Load (0.2ms)[0m  [1m[34mSELECT "articles".* FROM "articles"[0m
  ↳ app/controllers/api/v1/articles_controller.rb:4:in `index'
Completed 200 OK in 6ms (Views: 5.6ms | ActiveRecord: 0.2ms | Allocations: 731)


Started GET "/" for 127.0.0.1 at 2023-10-10 23:24:58 -0600
Processing by HomepageController#index as HTML
  Rendering layout layouts/application.html.erb
  Rendering homepage/index.html.erb within layouts/application
  Rendered homepage/index.html.erb within layouts/application (Duration: 0.0ms | Allocations: 4)
  Rendered layout layouts/application.html.erb (Duration: 5.4ms | Allocations: 2086)
Completed 200 OK in 6ms (Views: 6.1ms | ActiveRecord: 0.0ms | Allocations: 2320)


Started GET "/api/v1/articles" for 127.0.0.1 at 2023-10-10 23:24:58 -0600
Processing by Api::V1::ArticlesController#index as */*
  [1m[36mArticle Load (0.2ms)[0m  [1m[34mSELECT "articles".* FROM "articles"[0m
  ↳ app/controllers/api/v1/articles_controller.rb:4:in `index'
Completed 200 OK in 2ms (Views: 1.4ms | ActiveRecord: 0.2ms | Allocations: 719)


Started GET "/" for 127.0.0.1 at 2023-10-10 23:24:58 -0600
Processing by HomepageController#index as HTML
  Rendering layout layouts/application.html.erb
  Rendering homepage/index.html.erb within layouts/application
  Rendered homepage/index.html.erb within layouts/application (Duration: 0.1ms | Allocations: 4)
  Rendered layout layouts/application.html.erb (Duration: 5.9ms | Allocations: 2071)
Completed 200 OK in 7ms (Views: 6.7ms | ActiveRecord: 0.0ms | Allocations: 2300)


Started GET "/api/v1/articles" for 127.0.0.1 at 2023-10-10 23:24:58 -0600
Processing by Api::V1::ArticlesController#index as */*
  [1m[36mArticle Load (0.2ms)[0m  [1m[34mSELECT "articles".* FROM "articles"[0m
  ↳ app/controllers/api/v1/articles_controller.rb:4:in `index'
Completed 200 OK in 2ms (Views: 1.7ms | ActiveRecord: 0.2ms | Allocations: 719)


Started GET "/" for 127.0.0.1 at 2023-10-10 23:24:59 -0600
Processing by HomepageController#index as HTML
  Rendering layout layouts/application.html.erb
  Rendering homepage/index.html.erb within layouts/application
  Rendered homepage/index.html.erb within layouts/application (Duration: 0.0ms | Allocations: 4)
  Rendered layout layouts/application.html.erb (Duration: 3.8ms | Allocations: 2078)
Completed 200 OK in 5ms (Views: 4.3ms | ActiveRecord: 0.0ms | Allocations: 2308)


Started GET "/api/v1/articles" for 127.0.0.1 at 2023-10-10 23:24:59 -0600
Processing by Api::V1::ArticlesController#index as */*
  [1m[36mArticle Load (0.2ms)[0m  [1m[34mSELECT "articles".* FROM "articles"[0m
  ↳ app/controllers/api/v1/articles_controller.rb:4:in `index'
Completed 200 OK in 2ms (Views: 1.6ms | ActiveRecord: 0.2ms | Allocations: 720)


Started GET "/" for 127.0.0.1 at 2023-10-10 23:24:59 -0600
Processing by HomepageController#index as HTML
  Rendering layout layouts/application.html.erb
  Rendering homepage/index.html.erb within layouts/application
  Rendered homepage/index.html.erb within layouts/application (Duration: 0.1ms | Allocations: 4)
  Rendered layout layouts/application.html.erb (Duration: 4.5ms | Allocations: 2083)
Completed 200 OK in 6ms (Views: 5.2ms | ActiveRecord: 0.0ms | Allocations: 2314)


Started GET "/api/v1/articles" for 127.0.0.1 at 2023-10-10 23:24:59 -0600
Processing by Api::V1::ArticlesController#index as */*
  [1m[36mArticle Load (0.2ms)[0m  [1m[34mSELECT "articles".* FROM "articles"[0m
  ↳ app/controllers/api/v1/articles_controller.rb:4:in `index'
Completed 200 OK in 2ms (Views: 1.7ms | ActiveRecord: 0.2ms | Allocations: 720)


Started GET "/" for 127.0.0.1 at 2023-10-10 23:24:59 -0600
Processing by HomepageController#index as HTML
  Rendering layout layouts/application.html.erb
  Rendering homepage/index.html.erb within layouts/application
  Rendered homepage/index.html.erb within layouts/application (Duration: 0.0ms | Allocations: 4)
  Rendered layout layouts/application.html.erb (Duration: 5.7ms | Allocations: 2077)
Completed 200 OK in 7ms (Views: 6.3ms | ActiveRecord: 0.0ms | Allocations: 2307)


Started GET "/api/v1/articles" for 127.0.0.1 at 2023-10-10 23:24:59 -0600
Processing by Api::V1::ArticlesController#index as */*
  [1m[36mArticle Load (0.2ms)[0m  [1m[34mSELECT "articles".* FROM "articles"[0m
  ↳ app/controllers/api/v1/articles_controller.rb:4:in `index'
Completed 200 OK in 2ms (Views: 1.6ms | ActiveRecord: 0.2ms | Allocations: 731)


Started GET "/" for 127.0.0.1 at 2023-10-10 23:24:59 -0600
Processing by HomepageController#index as HTML
  Rendering layout layouts/application.html.erb
  Rendering homepage/index.html.erb within layouts/application
  Rendered homepage/index.html.erb within layouts/application (Duration: 0.1ms | Allocations: 4)
  Rendered layout layouts/application.html.erb (Duration: 5.0ms | Allocations: 2071)
Completed 200 OK in 6ms (Views: 5.7ms | ActiveRecord: 0.0ms | Allocations: 2300)


Started GET "/api/v1/articles" for 127.0.0.1 at 2023-10-10 23:24:59 -0600
Processing by Api::V1::ArticlesController#index as */*
  [1m[36mArticle Load (0.2ms)[0m  [1m[34mSELECT "articles".* FROM "articles"[0m
  ↳ app/controllers/api/v1/articles_controller.rb:4:in `index'
Completed 200 OK in 2ms (Views: 1.6ms | ActiveRecord: 0.2ms | Allocations: 719)


Started GET "/" for 127.0.0.1 at 2023-10-10 23:24:59 -0600
Processing by HomepageController#index as HTML
  Rendering layout layouts/application.html.erb
  Rendering homepage/index.html.erb within layouts/application
  Rendered homepage/index.html.erb within layouts/application (Duration: 0.1ms | Allocations: 4)
  Rendered layout layouts/application.html.erb (Duration: 3.5ms | Allocations: 2065)
Completed 200 OK in 5ms (Views: 4.2ms | ActiveRecord: 0.0ms | Allocations: 2299)


Started GET "/api/v1/articles" for 127.0.0.1 at 2023-10-10 23:24:59 -0600
Processing by Api::V1::ArticlesController#index as */*
  [1m[36mArticle Load (0.2ms)[0m  [1m[34mSELECT "articles".* FROM "articles"[0m
  ↳ app/controllers/api/v1/articles_controller.rb:4:in `index'
Completed 200 OK in 2ms (Views: 1.4ms | ActiveRecord: 0.2ms | Allocations: 719)


Started GET "/" for 127.0.0.1 at 2023-10-10 23:24:59 -0600
Processing by HomepageController#index as HTML
  Rendering layout layouts/application.html.erb
  Rendering homepage/index.html.erb within layouts/application
  Rendered homepage/index.html.erb within layouts/application (Duration: 0.1ms | Allocations: 4)
  Rendered layout layouts/application.html.erb (Duration: 4.3ms | Allocations: 2074)
Completed 200 OK in 5ms (Views: 5.0ms | ActiveRecord: 0.0ms | Allocations: 2304)


Started GET "/api/v1/articles" for 127.0.0.1 at 2023-10-10 23:24:59 -0600
Processing by Api::V1::ArticlesController#index as */*
  [1m[36mArticle Load (0.2ms)[0m  [1m[34mSELECT "articles".* FROM "articles"[0m
  ↳ app/controllers/api/v1/articles_controller.rb:4:in `index'
Completed 200 OK in 2ms (Views: 1.8ms | ActiveRecord: 0.2ms | Allocations: 720)


Started GET "/" for 127.0.0.1 at 2023-10-10 23:25:00 -0600
Processing by HomepageController#index as HTML
  Rendering layout layouts/application.html.erb
  Rendering homepage/index.html.erb within layouts/application
  Rendered homepage/index.html.erb within layouts/application (Duration: 0.1ms | Allocations: 4)
  Rendered layout layouts/application.html.erb (Duration: 6.3ms | Allocations: 2075)
Completed 200 OK in 8ms (Views: 7.1ms | ActiveRecord: 0.0ms | Allocations: 2305)


Started GET "/api/v1/articles" for 127.0.0.1 at 2023-10-10 23:25:00 -0600
Processing by Api::V1::ArticlesController#index as */*
  [1m[36mArticle Load (0.2ms)[0m  [1m[34mSELECT "articles".* FROM "articles"[0m
  ↳ app/controllers/api/v1/articles_controller.rb:4:in `index'
Completed 200 OK in 2ms (Views: 1.7ms | ActiveRecord: 0.2ms | Allocations: 720)


Started GET "/" for 127.0.0.1 at 2023-10-10 23:25:00 -0600
Processing by HomepageController#index as HTML
  Rendering layout layouts/application.html.erb
  Rendering homepage/index.html.erb within layouts/application
  Rendered homepage/index.html.erb within layouts/application (Duration: 0.1ms | Allocations: 4)
  Rendered layout layouts/application.html.erb (Duration: 5.7ms | Allocations: 2077)
Completed 200 OK in 7ms (Views: 6.5ms | ActiveRecord: 0.0ms | Allocations: 2307)


Started GET "/api/v1/articles" for 127.0.0.1 at 2023-10-10 23:25:00 -0600
Processing by Api::V1::ArticlesController#index as */*
  [1m[36mArticle Load (0.2ms)[0m  [1m[34mSELECT "articles".* FROM "articles"[0m
  ↳ app/controllers/api/v1/articles_controller.rb:4:in `index'
Completed 200 OK in 2ms (Views: 1.4ms | ActiveRecord: 0.2ms | Allocations: 719)


Started GET "/" for 127.0.0.1 at 2023-10-10 23:25:00 -0600
Processing by HomepageController#index as HTML
  Rendering layout layouts/application.html.erb
  Rendering homepage/index.html.erb within layouts/application
  Rendered homepage/index.html.erb within layouts/application (Duration: 0.0ms | Allocations: 4)
  Rendered layout layouts/application.html.erb (Duration: 3.7ms | Allocations: 2059)
Completed 200 OK in 4ms (Views: 4.2ms | ActiveRecord: 0.0ms | Allocations: 2288)


Started GET "/api/v1/articles" for 127.0.0.1 at 2023-10-10 23:25:00 -0600
Processing by Api::V1::ArticlesController#index as */*
  [1m[36mArticle Load (0.2ms)[0m  [1m[34mSELECT "articles".* FROM "articles"[0m
  ↳ app/controllers/api/v1/articles_controller.rb:4:in `index'
Completed 200 OK in 2ms (Views: 1.4ms | ActiveRecord: 0.2ms | Allocations: 719)


Started GET "/" for 127.0.0.1 at 2023-10-10 23:25:00 -0600
Processing by HomepageController#index as HTML
  Rendering layout layouts/application.html.erb
  Rendering homepage/index.html.erb within layouts/application
  Rendered homepage/index.html.erb within layouts/application (Duration: 0.1ms | Allocations: 4)
  Rendered layout layouts/application.html.erb (Duration: 6.6ms | Allocations: 2067)
Completed 200 OK in 8ms (Views: 7.3ms | ActiveRecord: 0.0ms | Allocations: 2296)


Started GET "/api/v1/articles" for 127.0.0.1 at 2023-10-10 23:25:00 -0600
Processing by Api::V1::ArticlesController#index as */*
  [1m[36mArticle Load (0.2ms)[0m  [1m[34mSELECT "articles".* FROM "articles"[0m
  ↳ app/controllers/api/v1/articles_controller.rb:4:in `index'
Completed 200 OK in 2ms (Views: 1.4ms | ActiveRecord: 0.2ms | Allocations: 719)


Started GET "/" for 127.0.0.1 at 2023-10-10 23:25:00 -0600
Processing by HomepageController#index as HTML
  Rendering layout layouts/application.html.erb
  Rendering homepage/index.html.erb within layouts/application
  Rendered homepage/index.html.erb within layouts/application (Duration: 0.1ms | Allocations: 4)
  Rendered layout layouts/application.html.erb (Duration: 4.2ms | Allocations: 2091)
Completed 200 OK in 6ms (Views: 5.1ms | ActiveRecord: 0.0ms | Allocations: 2321)


Started GET "/api/v1/articles" for 127.0.0.1 at 2023-10-10 23:25:00 -0600
Processing by Api::V1::ArticlesController#index as */*
  [1m[36mArticle Load (0.2ms)[0m  [1m[34mSELECT "articles".* FROM "articles"[0m
  ↳ app/controllers/api/v1/articles_controller.rb:4:in `index'
Completed 200 OK in 2ms (Views: 1.8ms | ActiveRecord: 0.2ms | Allocations: 720)


Started GET "/" for 127.0.0.1 at 2023-10-10 23:25:01 -0600
Processing by HomepageController#index as HTML
  Rendering layout layouts/application.html.erb
  Rendering homepage/index.html.erb within layouts/application
  Rendered homepage/index.html.erb within layouts/application (Duration: 0.0ms | Allocations: 4)
  Rendered layout layouts/application.html.erb (Duration: 5.3ms | Allocations: 2077)
Completed 200 OK in 6ms (Views: 5.8ms | ActiveRecord: 0.0ms | Allocations: 2307)


Started GET "/api/v1/articles" for 127.0.0.1 at 2023-10-10 23:25:01 -0600
Processing by Api::V1::ArticlesController#index as */*
  [1m[36mArticle Load (0.2ms)[0m  [1m[34mSELECT "articles".* FROM "articles"[0m
  ↳ app/controllers/api/v1/articles_controller.rb:4:in `index'
Completed 200 OK in 2ms (Views: 1.6ms | ActiveRecord: 0.2ms | Allocations: 720)


Started GET "/" for 127.0.0.1 at 2023-10-10 23:25:01 -0600
Processing by HomepageController#index as HTML
  Rendering layout layouts/application.html.erb
  Rendering homepage/index.html.erb within layouts/application
  Rendered homepage/index.html.erb within layouts/application (Duration: 0.0ms | Allocations: 4)
  Rendered layout layouts/application.html.erb (Duration: 4.9ms | Allocations: 2092)
Completed 200 OK in 7ms (Views: 5.6ms | ActiveRecord: 0.0ms | Allocations: 2322)


Started GET "/api/v1/articles" for 127.0.0.1 at 2023-10-10 23:25:01 -0600
Processing by Api::V1::ArticlesController#index as */*
  [1m[36mArticle Load (0.2ms)[0m  [1m[34mSELECT "articles".* FROM "articles"[0m
  ↳ app/controllers/api/v1/articles_controller.rb:4:in `index'
Completed 200 OK in 2ms (Views: 1.6ms | ActiveRecord: 0.2ms | Allocations: 731)


Started GET "/" for 127.0.0.1 at 2023-10-10 23:25:01 -0600
Processing by HomepageController#index as HTML
  Rendering layout layouts/application.html.erb
  Rendering homepage/index.html.erb within layouts/application
  Rendered homepage/index.html.erb within layouts/application (Duration: 0.0ms | Allocations: 4)
  Rendered layout layouts/application.html.erb (Duration: 3.6ms | Allocations: 2065)
Completed 200 OK in 5ms (Views: 4.5ms | ActiveRecord: 0.0ms | Allocations: 2294)


Started GET "/api/v1/articles" for 127.0.0.1 at 2023-10-10 23:25:02 -0600
Processing by Api::V1::ArticlesController#index as */*
  [1m[36mArticle Load (0.2ms)[0m  [1m[34mSELECT "articles".* FROM "articles"[0m
  ↳ app/controllers/api/v1/articles_controller.rb:4:in `index'
Completed 200 OK in 2ms (Views: 1.4ms | ActiveRecord: 0.2ms | Allocations: 719)


Started GET "/" for 127.0.0.1 at 2023-10-10 23:25:02 -0600
Processing by HomepageController#index as HTML
  Rendering layout layouts/application.html.erb
  Rendering homepage/index.html.erb within layouts/application
  Rendered homepage/index.html.erb within layouts/application (Duration: 0.1ms | Allocations: 4)
  Rendered layout layouts/application.html.erb (Duration: 6.8ms | Allocations: 2057)
Completed 200 OK in 8ms (Views: 7.3ms | ActiveRecord: 0.0ms | Allocations: 2286)


Started GET "/api/v1/articles" for 127.0.0.1 at 2023-10-10 23:25:02 -0600
Processing by Api::V1::ArticlesController#index as */*
  [1m[36mArticle Load (0.2ms)[0m  [1m[34mSELECT "articles".* FROM "articles"[0m
  ↳ app/controllers/api/v1/articles_controller.rb:4:in `index'
Completed 200 OK in 2ms (Views: 1.4ms | ActiveRecord: 0.2ms | Allocations: 719)


Started GET "/" for 127.0.0.1 at 2023-10-10 23:25:02 -0600
Processing by HomepageController#index as HTML
  Rendering layout layouts/application.html.erb
  Rendering homepage/index.html.erb within layouts/application
  Rendered homepage/index.html.erb within layouts/application (Duration: 0.1ms | Allocations: 4)
  Rendered layout layouts/application.html.erb (Duration: 5.5ms | Allocations: 2076)
Completed 200 OK in 6ms (Views: 6.1ms | ActiveRecord: 0.0ms | Allocations: 2306)


Started GET "/api/v1/articles" for 127.0.0.1 at 2023-10-10 23:25:02 -0600
Processing by Api::V1::ArticlesController#index as */*
  [1m[36mArticle Load (0.2ms)[0m  [1m[34mSELECT "articles".* FROM "articles"[0m
  ↳ app/controllers/api/v1/articles_controller.rb:4:in `index'
Completed 200 OK in 1ms (Views: 0.8ms | ActiveRecord: 0.2ms | Allocations: 720)


Started GET "/" for 127.0.0.1 at 2023-10-10 23:25:02 -0600
Processing by HomepageController#index as HTML
  Rendering layout layouts/application.html.erb
  Rendering homepage/index.html.erb within layouts/application
  Rendered homepage/index.html.erb within layouts/application (Duration: 0.1ms | Allocations: 4)
  Rendered layout layouts/application.html.erb (Duration: 4.7ms | Allocations: 2101)
Completed 200 OK in 6ms (Views: 5.3ms | ActiveRecord: 0.0ms | Allocations: 2331)


Started GET "/api/v1/articles" for 127.0.0.1 at 2023-10-10 23:25:02 -0600
Processing by Api::V1::ArticlesController#index as */*
  [1m[36mArticle Load (0.2ms)[0m  [1m[34mSELECT "articles".* FROM "articles"[0m
  ↳ app/controllers/api/v1/articles_controller.rb:4:in `index'
Completed 200 OK in 2ms (Views: 1.5ms | ActiveRecord: 0.2ms | Allocations: 720)


Started GET "/" for 127.0.0.1 at 2023-10-10 23:25:02 -0600
Processing by HomepageController#index as HTML
  Rendering layout layouts/application.html.erb
  Rendering homepage/index.html.erb within layouts/application
  Rendered homepage/index.html.erb within layouts/application (Duration: 0.0ms | Allocations: 4)
  Rendered layout layouts/application.html.erb (Duration: 3.6ms | Allocations: 2081)
Completed 200 OK in 4ms (Views: 4.1ms | ActiveRecord: 0.0ms | Allocations: 2311)


Started GET "/api/v1/articles" for 127.0.0.1 at 2023-10-10 23:25:02 -0600
Processing by Api::V1::ArticlesController#index as */*
  [1m[36mArticle Load (0.2ms)[0m  [1m[34mSELECT "articles".* FROM "articles"[0m
  ↳ app/controllers/api/v1/articles_controller.rb:4:in `index'
Completed 200 OK in 2ms (Views: 1.6ms | ActiveRecord: 0.2ms | Allocations: 719)


